<?xml version="1.0" encoding="UTF-8"?>
<testng-results skipped="0" failed="0" ignored="0" total="1" passed="1">
  <reporter-output>
  </reporter-output>
  <suite name="Default suite" duration-ms="169" started-at="2022-05-29T11:36:36 IST" finished-at="2022-05-29T11:36:36 IST">
    <groups>
    </groups>
    <test name="Default test" duration-ms="169" started-at="2022-05-29T11:36:36 IST" finished-at="2022-05-29T11:36:36 IST">
      <class name="Sample.Sample1">
        <test-method status="PASS" signature="test()[pri:0, instance:Sample.Sample1@2c039ac6]" name="test" duration-ms="22" started-at="2022-05-29T11:36:36 IST" finished-at="2022-05-29T11:36:36 IST">
          <reporter-output>
          </reporter-output>
        </test-method> <!-- test -->
      </class> <!-- Sample.Sample1 -->
    </test> <!-- Default test -->
  </suite> <!-- Default suite -->
</testng-results>
